This is XeTeX, Version 3.14159265-2.6-0.999992 (TeX Live 2020) (preloaded format=xelatex 2021.2.26)  26 FEB 2021 17:00
entering extended mode
 restricted \write18 enabled.
 %&-line parsing enabled.
**naam_voornaam_voorstel.tex
(./naam_voornaam_voorstel.tex
LaTeX2e <2020-02-02> patch level 5
L3 programming layer <2020-03-06> (./voorstel.cls
Document Class: voorstel 
(/usr/local/texlive/2020/texmf-dist/tex/latex/base/ifthen.sty
Package: ifthen 2014/09/29 v1.1c Standard LaTeX ifthen package (DPC)
)
(/usr/local/texlive/2020/texmf-dist/tex/latex/tools/calc.sty
Package: calc 2017/05/25 v4.3 Infix arithmetic (KKT,FJ)
\calc@Acount=\count163
\calc@Bcount=\count164
\calc@Adimen=\dimen134
\calc@Bdimen=\dimen135
\calc@Askip=\skip47
\calc@Bskip=\skip48
LaTeX Info: Redefining \setlength on input line 80.
LaTeX Info: Redefining \addtolength on input line 81.
\calc@Ccount=\count165
\calc@Cskip=\skip49
)
(/usr/local/texlive/2020/texmf-dist/tex/latex/base/article.cls
Document Class: article 2019/12/20 v1.4l Standard LaTeX document class
(/usr/local/texlive/2020/texmf-dist/tex/latex/base/size10.clo
File: size10.clo 2019/12/20 v1.4l Standard LaTeX file (size option)
)
\c@part=\count166
\c@section=\count167
\c@subsection=\count168
\c@subsubsection=\count169
\c@paragraph=\count170
\c@subparagraph=\count171
\c@figure=\count172
\c@table=\count173
\abovecaptionskip=\skip50
\belowcaptionskip=\skip51
\bibindent=\dimen136
)
(/usr/local/texlive/2020/texmf-dist/tex/generic/iftex/ifpdf.sty
Package: ifpdf 2019/10/25 v3.4 ifpdf legacy package. Use iftex instead.

(/usr/local/texlive/2020/texmf-dist/tex/generic/iftex/iftex.sty
Package: iftex 2020/03/06 v1.0d TeX engine tests
))
(/usr/local/texlive/2020/texmf-dist/tex/latex/psnfss/times.sty
Package: times 2005/04/12 PSNFSS-v9.2a (SPQR) 
)
(/usr/local/texlive/2020/texmf-dist/tex/latex/psnfss/mathptmx.sty
Package: mathptmx 2005/04/12 PSNFSS-v9.2a Times w/ Math, improved (SPQR, WaS) 
LaTeX Font Info:    Redeclaring symbol font `operators' on input line 28.
LaTeX Font Info:    Overwriting symbol font `operators' in version `normal'
(Font)                  OT1/cmr/m/n --> OT1/ztmcm/m/n on input line 28.
LaTeX Font Info:    Overwriting symbol font `operators' in version `bold'
(Font)                  OT1/cmr/bx/n --> OT1/ztmcm/m/n on input line 28.
LaTeX Font Info:    Redeclaring symbol font `letters' on input line 29.
LaTeX Font Info:    Overwriting symbol font `letters' in version `normal'
(Font)                  OML/cmm/m/it --> OML/ztmcm/m/it on input line 29.
LaTeX Font Info:    Overwriting symbol font `letters' in version `bold'
(Font)                  OML/cmm/b/it --> OML/ztmcm/m/it on input line 29.
LaTeX Font Info:    Redeclaring symbol font `symbols' on input line 30.
LaTeX Font Info:    Overwriting symbol font `symbols' in version `normal'
(Font)                  OMS/cmsy/m/n --> OMS/ztmcm/m/n on input line 30.
LaTeX Font Info:    Overwriting symbol font `symbols' in version `bold'
(Font)                  OMS/cmsy/b/n --> OMS/ztmcm/m/n on input line 30.
LaTeX Font Info:    Redeclaring symbol font `largesymbols' on input line 31.
LaTeX Font Info:    Overwriting symbol font `largesymbols' in version `normal'
(Font)                  OMX/cmex/m/n --> OMX/ztmcm/m/n on input line 31.
LaTeX Font Info:    Overwriting symbol font `largesymbols' in version `bold'
(Font)                  OMX/cmex/m/n --> OMX/ztmcm/m/n on input line 31.
\symbold=\mathgroup4
\symitalic=\mathgroup5
LaTeX Font Info:    Redeclaring math alphabet \mathbf on input line 34.
LaTeX Font Info:    Overwriting math alphabet `\mathbf' in version `normal'
(Font)                  OT1/cmr/bx/n --> OT1/ptm/bx/n on input line 34.
LaTeX Font Info:    Overwriting math alphabet `\mathbf' in version `bold'
(Font)                  OT1/cmr/bx/n --> OT1/ptm/bx/n on input line 34.
LaTeX Font Info:    Redeclaring math alphabet \mathit on input line 35.
LaTeX Font Info:    Overwriting math alphabet `\mathit' in version `normal'
(Font)                  OT1/cmr/m/it --> OT1/ptm/m/it on input line 35.
LaTeX Font Info:    Overwriting math alphabet `\mathit' in version `bold'
(Font)                  OT1/cmr/bx/it --> OT1/ptm/m/it on input line 35.
LaTeX Info: Redefining \hbar on input line 50.
)
(/usr/local/texlive/2020/texmf-dist/tex/latex/xcolor/xcolor.sty
Package: xcolor 2016/05/11 v2.12 LaTeX color extensions (UK)

(/usr/local/texlive/2020/texmf-dist/tex/latex/graphics-cfg/color.cfg
File: color.cfg 2016/01/02 v1.6 sample color configuration
)
Package xcolor Info: Driver file: xetex.def on input line 225.

(/usr/local/texlive/2020/texmf-dist/tex/latex/graphics-def/xetex.def
File: xetex.def 2017/06/24 v5.0h Graphics/color driver for xetex
)
Package xcolor Info: Model `cmy' substituted by `cmy0' on input line 1348.
Package xcolor Info: Model `RGB' extended on input line 1364.
Package xcolor Info: Model `HTML' substituted by `rgb' on input line 1366.
Package xcolor Info: Model `Hsb' substituted by `hsb' on input line 1367.
Package xcolor Info: Model `tHsb' substituted by `hsb' on input line 1368.
Package xcolor Info: Model `HSB' substituted by `hsb' on input line 1369.
Package xcolor Info: Model `Gray' substituted by `gray' on input line 1370.
Package xcolor Info: Model `wave' substituted by `hsb' on input line 1371.
)
(/usr/local/texlive/2020/texmf-dist/tex/latex/base/inputenc.sty
Package: inputenc 2018/08/11 v1.3c Input encoding file
\inpenc@prehook=\toks15
\inpenc@posthook=\toks16


Package inputenc Warning: inputenc package ignored with utf8 based engines.

) (/usr/local/texlive/2020/texmf-dist/tex/latex/amsmath/amsmath.sty
Package: amsmath 2020/01/20 v2.17e AMS math features
\@mathmargin=\skip52

For additional information on amsmath, use the `?' option.
(/usr/local/texlive/2020/texmf-dist/tex/latex/amsmath/amstext.sty
Package: amstext 2000/06/29 v2.01 AMS text

(/usr/local/texlive/2020/texmf-dist/tex/latex/amsmath/amsgen.sty
File: amsgen.sty 1999/11/30 v2.0 generic functions
\@emptytoks=\toks17
\ex@=\dimen137
))
(/usr/local/texlive/2020/texmf-dist/tex/latex/amsmath/amsbsy.sty
Package: amsbsy 1999/11/29 v1.2d Bold Symbols
\pmbraise@=\dimen138
)
(/usr/local/texlive/2020/texmf-dist/tex/latex/amsmath/amsopn.sty
Package: amsopn 2016/03/08 v2.02 operator names
)
\inf@bad=\count174
LaTeX Info: Redefining \frac on input line 227.
\uproot@=\count175
\leftroot@=\count176
LaTeX Info: Redefining \overline on input line 389.
\classnum@=\count177
\DOTSCASE@=\count178
LaTeX Info: Redefining \ldots on input line 486.
LaTeX Info: Redefining \dots on input line 489.
LaTeX Info: Redefining \cdots on input line 610.
\Mathstrutbox@=\box45
\strutbox@=\box46
\big@size=\dimen139
LaTeX Font Info:    Redeclaring font encoding OML on input line 733.
LaTeX Font Info:    Redeclaring font encoding OMS on input line 734.
\macc@depth=\count179
\c@MaxMatrixCols=\count180
\dotsspace@=\muskip16
\c@parentequation=\count181
\dspbrk@lvl=\count182
\tag@help=\toks18
\row@=\count183
\column@=\count184
\maxfields@=\count185
\andhelp@=\toks19
\eqnshift@=\dimen140
\alignsep@=\dimen141
\tagshift@=\dimen142
\tagwidth@=\dimen143
\totwidth@=\dimen144
\lineht@=\dimen145
\@envbody=\toks20
\multlinegap=\skip53
\multlinetaggap=\skip54
\mathdisplay@stack=\toks21
LaTeX Info: Redefining \[ on input line 2859.
LaTeX Info: Redefining \] on input line 2860.
)
(/usr/local/texlive/2020/texmf-dist/tex/latex/amsfonts/amsfonts.sty
Package: amsfonts 2013/01/14 v3.01 Basic AMSFonts support
\symAMSa=\mathgroup6
\symAMSb=\mathgroup7
LaTeX Font Info:    Overwriting math alphabet `\mathfrak' in version `bold'
(Font)                  U/euf/m/n --> U/euf/b/n on input line 106.
)
(/usr/local/texlive/2020/texmf-dist/tex/latex/amsfonts/amssymb.sty
Package: amssymb 2013/01/14 v3.01 AMS font symbols
)
(/usr/local/texlive/2020/texmf-dist/tex/latex/graphics/graphicx.sty
Package: graphicx 2019/11/30 v1.2a Enhanced LaTeX Graphics (DPC,SPQR)

(/usr/local/texlive/2020/texmf-dist/tex/latex/graphics/keyval.sty
Package: keyval 2014/10/28 v1.15 key=value parser (DPC)
\KV@toks@=\toks22
)
(/usr/local/texlive/2020/texmf-dist/tex/latex/graphics/graphics.sty
Package: graphics 2019/11/30 v1.4a Standard LaTeX Graphics (DPC,SPQR)

(/usr/local/texlive/2020/texmf-dist/tex/latex/graphics/trig.sty
Package: trig 2016/01/03 v1.10 sin cos tan (DPC)
)
(/usr/local/texlive/2020/texmf-dist/tex/latex/graphics-cfg/graphics.cfg
File: graphics.cfg 2016/06/04 v1.11 sample graphics configuration
)
Package graphics Info: Driver file: xetex.def on input line 105.
)
\Gin@req@height=\dimen146
\Gin@req@width=\dimen147
)
(/usr/local/texlive/2020/texmf-dist/tex/latex/booktabs/booktabs.sty
Package: booktabs 2020/01/12 v1.61803398 Publication quality tables
\heavyrulewidth=\dimen148
\lightrulewidth=\dimen149
\cmidrulewidth=\dimen150
\belowrulesep=\dimen151
\belowbottomsep=\dimen152
\aboverulesep=\dimen153
\abovetopsep=\dimen154
\cmidrulesep=\dimen155
\cmidrulekern=\dimen156
\defaultaddspace=\dimen157
\@cmidla=\count186
\@cmidlb=\count187
\@aboverulesep=\dimen158
\@belowrulesep=\dimen159
\@thisruleclass=\count188
\@lastruleclass=\count189
\@thisrulewidth=\dimen160
)
(/usr/local/texlive/2020/texmf-dist/tex/latex/csquotes/csquotes.sty
Package: csquotes 2019-12-06 v5.2j context-sensitive quotations (JAW)

(/usr/local/texlive/2020/texmf-dist/tex/latex/etoolbox/etoolbox.sty
Package: etoolbox 2019/09/21 v2.5h e-TeX tools for LaTeX (JAW)
\etb@tempcnta=\count190
)
\csq@reset=\count191
\csq@gtype=\count192
\csq@glevel=\count193
\csq@qlevel=\count194
\csq@maxlvl=\count195
\csq@tshold=\count196
\csq@ltx@everypar=\toks23

(/usr/local/texlive/2020/texmf-dist/tex/latex/csquotes/csquotes.def
File: csquotes.def 2019-12-06 v5.2j csquotes generic definitions (JAW)
)
Package csquotes Info: Trying to load configuration file 'csquotes.cfg'...
Package csquotes Info: ... configuration file loaded successfully.

(/usr/local/texlive/2020/texmf-dist/tex/latex/csquotes/csquotes.cfg
File: csquotes.cfg 
))
(/usr/local/texlive/2020/texmf-dist/tex/generic/babel/babel.sty
Package: babel 2020/03/22 3.42 The Babel package

(/usr/local/texlive/2020/texmf-dist/tex/generic/babel/switch.def
File: switch.def 2020/03/22 3.42 Babel switching mechanism
)
(/usr/local/texlive/2020/texmf-dist/tex/generic/babel-english/english.ldf
Language: english 2017/06/06 v3.3r English support from the babel system

(/usr/local/texlive/2020/texmf-dist/tex/generic/babel/babel.def
File: babel.def 2020/03/22 3.42 Babel common definitions
\babel@savecnt=\count197
\U@D=\dimen161

(/usr/local/texlive/2020/texmf-dist/tex/generic/babel/xebabel.def
(/usr/local/texlive/2020/texmf-dist/tex/generic/babel/txtbabel.def))
\bbl@readstream=\read2
\bbl@dirlevel=\count198
)
Package babel Info: \l@canadian = using hyphenrules for english
(babel)             (\language0) on input line 102.
Package babel Info: \l@australian = using hyphenrules for ukenglish
(babel)             (\language21) on input line 105.
Package babel Info: \l@newzealand = using hyphenrules for ukenglish
(babel)             (\language21) on input line 108.
)
(/usr/local/texlive/2020/texmf-dist/tex/generic/babel-dutch/dutch.ldf
Language: dutch 2005/03/30 v3.8i Dutch support from the babel system
Package babel Info: Making " an active character on input line 132.
))
(/usr/local/texlive/2020/texmf-dist/tex/latex/hyperref/hyperref.sty
Package: hyperref 2020/01/14 v7.00d Hypertext links for LaTeX

(/usr/local/texlive/2020/texmf-dist/tex/generic/ltxcmds/ltxcmds.sty
Package: ltxcmds 2019/12/15 v1.24 LaTeX kernel commands for general use (HO)
)
(/usr/local/texlive/2020/texmf-dist/tex/latex/pdftexcmds/pdftexcmds.sty
Package: pdftexcmds 2019/11/24 v0.31 Utility functions of pdfTeX for LuaTeX (HO
)

(/usr/local/texlive/2020/texmf-dist/tex/generic/infwarerr/infwarerr.sty
Package: infwarerr 2019/12/03 v1.5 Providing info/warning/error messages (HO)
)
Package pdftexcmds Info: \pdf@primitive is available.
Package pdftexcmds Info: \pdf@ifprimitive is available.
Package pdftexcmds Info: \pdfdraftmode not found.
)
(/usr/local/texlive/2020/texmf-dist/tex/generic/kvsetkeys/kvsetkeys.sty
Package: kvsetkeys 2019/12/15 v1.18 Key value parser (HO)
)
(/usr/local/texlive/2020/texmf-dist/tex/generic/kvdefinekeys/kvdefinekeys.sty
Package: kvdefinekeys 2019-12-19 v1.6 Define keys (HO)
)
(/usr/local/texlive/2020/texmf-dist/tex/generic/pdfescape/pdfescape.sty
Package: pdfescape 2019/12/09 v1.15 Implements pdfTeX's escape features (HO)
)
(/usr/local/texlive/2020/texmf-dist/tex/latex/hycolor/hycolor.sty
Package: hycolor 2020-01-27 v1.10 Color options for hyperref/bookmark (HO)
)
(/usr/local/texlive/2020/texmf-dist/tex/latex/letltxmacro/letltxmacro.sty
Package: letltxmacro 2019/12/03 v1.6 Let assignment for LaTeX macros (HO)
)
(/usr/local/texlive/2020/texmf-dist/tex/latex/auxhook/auxhook.sty
Package: auxhook 2019-12-17 v1.6 Hooks for auxiliary files (HO)
)
(/usr/local/texlive/2020/texmf-dist/tex/latex/kvoptions/kvoptions.sty
Package: kvoptions 2019/11/29 v3.13 Key value format for package options (HO)
)
\@linkdim=\dimen162
\Hy@linkcounter=\count199
\Hy@pagecounter=\count266

(/usr/local/texlive/2020/texmf-dist/tex/latex/hyperref/pd1enc.def
File: pd1enc.def 2020/01/14 v7.00d Hyperref: PDFDocEncoding definition (HO)
)
(/usr/local/texlive/2020/texmf-dist/tex/generic/intcalc/intcalc.sty
Package: intcalc 2019/12/15 v1.3 Expandable calculations with integers (HO)
)
(/usr/local/texlive/2020/texmf-dist/tex/generic/etexcmds/etexcmds.sty
Package: etexcmds 2019/12/15 v1.7 Avoid name clashes with e-TeX commands (HO)
)
\Hy@SavedSpaceFactor=\count267
Package hyperref Info: Hyper figures OFF on input line 4547.
Package hyperref Info: Link nesting OFF on input line 4552.
Package hyperref Info: Hyper index ON on input line 4555.
Package hyperref Info: Plain pages OFF on input line 4562.
Package hyperref Info: Backreferencing OFF on input line 4567.
Package hyperref Info: Implicit mode ON; LaTeX internals redefined.
Package hyperref Info: Bookmarks ON on input line 4800.
\c@Hy@tempcnt=\count268

(/usr/local/texlive/2020/texmf-dist/tex/latex/url/url.sty
\Urlmuskip=\muskip17
Package: url 2013/09/16  ver 3.4  Verb mode for urls, etc.
)
LaTeX Info: Redefining \url on input line 5159.
\XeTeXLinkMargin=\dimen163

(/usr/local/texlive/2020/texmf-dist/tex/generic/bitset/bitset.sty
Package: bitset 2019/12/09 v1.3 Handle bit-vector datatype (HO)

(/usr/local/texlive/2020/texmf-dist/tex/generic/bigintcalc/bigintcalc.sty
Package: bigintcalc 2019/12/15 v1.5 Expandable calculations on big integers (HO
)
))
\Fld@menulength=\count269
\Field@Width=\dimen164
\Fld@charsize=\dimen165
Package hyperref Info: Hyper figures OFF on input line 6430.
Package hyperref Info: Link nesting OFF on input line 6435.
Package hyperref Info: Hyper index ON on input line 6438.
Package hyperref Info: backreferencing OFF on input line 6445.
Package hyperref Info: Link coloring OFF on input line 6450.
Package hyperref Info: Link coloring with OCG OFF on input line 6455.
Package hyperref Info: PDF/A mode OFF on input line 6460.
LaTeX Info: Redefining \ref on input line 6500.
LaTeX Info: Redefining \pageref on input line 6504.

(/usr/local/texlive/2020/texmf-dist/tex/generic/atbegshi/atbegshi.sty
Package: atbegshi 2019/12/05 v1.19 At begin shipout hook (HO)
)
\Hy@abspage=\count270
\c@Item=\count271
\c@Hfootnote=\count272
)
Package hyperref Info: Driver (autodetected): hxetex.

(/usr/local/texlive/2020/texmf-dist/tex/latex/hyperref/hxetex.def
File: hxetex.def 2020/01/14 v7.00d Hyperref driver for XeTeX

(/usr/local/texlive/2020/texmf-dist/tex/latex/hyperref/puenc.def
File: puenc.def 2020/01/14 v7.00d Hyperref: PDF Unicode definition (HO)
)
(/usr/local/texlive/2020/texmf-dist/tex/generic/stringenc/stringenc.sty
Package: stringenc 2019/11/29 v1.12 Convert strings between diff. encodings (HO
)
)
\pdfm@box=\box47
\c@Hy@AnnotLevel=\count273
\HyField@AnnotCount=\count274
\Fld@listcount=\count275
\c@bookmark@seq@number=\count276

(/usr/local/texlive/2020/texmf-dist/tex/latex/rerunfilecheck/rerunfilecheck.sty
Package: rerunfilecheck 2019/12/05 v1.9 Rerun checks for auxiliary files (HO)
(/usr/local/texlive/2020/texmf-dist/tex/latex/atveryend/atveryend.sty
Package: atveryend 2019-12-11 v1.11 Hooks at the very end of document (HO)
)
(/usr/local/texlive/2020/texmf-dist/tex/generic/uniquecounter/uniquecounter.sty
Package: uniquecounter 2019/12/15 v1.4 Provide unlimited unique counter (HO)
)
Package uniquecounter Info: New unique counter `rerunfilecheck' on input line 2
86.
)
\Hy@SectionHShift=\skip55
)
Package hyperref Info: Option `colorlinks' set `true' on input line 54.
Package hyperref Info: Option `breaklinks' set `true' on input line 54.
Package hyperref Info: Option `bookmarksopen' set `false' on input line 54.

(/usr/local/texlive/2020/texmf-dist/tex/generic/stringenc/se-ascii-print.def
File: se-ascii-print.def 2019/11/29 v1.12 stringenc: Printable ASCII characters

)
(/usr/local/texlive/2020/texmf-dist/tex/latex/geometry/geometry.sty
Package: geometry 2020/01/02 v5.9 Page Geometry

(/usr/local/texlive/2020/texmf-dist/tex/generic/iftex/ifvtex.sty
Package: ifvtex 2019/10/25 v1.7 ifvtex legacy package. Use iftex instead.
)
\Gm@cnth=\count277
\Gm@cntv=\count278
\c@Gm@tempcnt=\count279
\Gm@bindingoffset=\dimen166
\Gm@wd@mp=\dimen167
\Gm@odd@mp=\dimen168
\Gm@even@mp=\dimen169
\Gm@layoutwidth=\dimen170
\Gm@layoutheight=\dimen171
\Gm@layouthoffset=\dimen172
\Gm@layoutvoffset=\dimen173
\Gm@dimlist=\toks24
)
(/usr/local/texlive/2020/texmf-dist/tex/latex/caption/caption.sty
Package: caption 2020/01/03 v3.4h Customizing captions (AR)

(/usr/local/texlive/2020/texmf-dist/tex/latex/caption/caption3.sty
Package: caption3 2020/01/03 v1.8h caption3 kernel (AR)
Package caption3 Info: TeX engine: e-TeX on input line 61.
\captionmargin=\dimen174
\captionmargin@=\dimen175
\captionwidth=\dimen176
\caption@tempdima=\dimen177
\caption@indent=\dimen178
\caption@parindent=\dimen179
\caption@hangindent=\dimen180
Package caption Info: Standard document class detected.
)
\c@caption@flags=\count280
\c@continuedfloat=\count281
Package caption Info: hyperref package is loaded.
)
(/usr/local/texlive/2020/texmf-dist/tex/latex/titlesec/titlesec.sty
Package: titlesec 2019/10/16 v2.13 Sectioning titles
\ttl@box=\box48
\beforetitleunit=\skip56
\aftertitleunit=\skip57
\ttl@plus=\dimen181
\ttl@minus=\dimen182
\ttl@toksa=\toks25
\titlewidth=\dimen183
\titlewidthlast=\dimen184
\titlewidthfirst=\dimen185
)
\tocsep=\skip58

(/usr/local/texlive/2020/texmf-dist/tex/latex/titlesec/titletoc.sty
Package: titletoc 2019/10/16 v2.13 TOC entries
\ttl@leftsep=\dimen186
)
\@authcnt=\count282
\@tmpcnt=\count283

(/usr/local/texlive/2020/texmf-dist/tex/latex/enumitem/enumitem.sty
Package: enumitem 2019/06/20 v3.9 Customized lists
\labelindent=\skip59
\enit@outerparindent=\dimen187
\enit@toks=\toks26
\enit@inbox=\box49
\enit@count@id=\count284
\enitdp@description=\count285
)
(/usr/local/texlive/2020/texmf-dist/tex/latex/fancyhdr/fancyhdr.sty
Package: fancyhdr 2019/01/31 v3.10 Extensive control of page headers and footer
s
\f@nch@headwidth=\skip60
\f@nch@O@elh=\skip61
\f@nch@O@erh=\skip62
\f@nch@O@olh=\skip63
\f@nch@O@orh=\skip64
\f@nch@O@elf=\skip65
\f@nch@O@erf=\skip66
\f@nch@O@olf=\skip67
\f@nch@O@orf=\skip68
)
(/usr/local/texlive/2020/texmf-dist/tex/latex/lastpage/lastpage.sty
Package: lastpage 2015/03/29 v1.2m Refers to last page's name (HMM; JPG)
)
(/usr/local/texlive/2020/texmf-dist/tex/latex/biblatex/biblatex.sty
Package: biblatex 2019/12/01 v3.14 programmable bibliographies (PK/MW)

(/usr/local/texlive/2020/texmf-dist/tex/latex/logreq/logreq.sty
Package: logreq 2010/08/04 v1.0 xml request logger
\lrq@indent=\count286

(/usr/local/texlive/2020/texmf-dist/tex/latex/logreq/logreq.def
File: logreq.def 2010/08/04 v1.0 logreq spec v1.0
))
\c@tabx@nest=\count287
\c@listtotal=\count288
\c@listcount=\count289
\c@liststart=\count290
\c@liststop=\count291
\c@citecount=\count292
\c@citetotal=\count293
\c@multicitecount=\count294
\c@multicitetotal=\count295
\c@instcount=\count296
\c@maxnames=\count297
\c@minnames=\count298
\c@maxitems=\count299
\c@minitems=\count300
\c@citecounter=\count301
\c@maxcitecounter=\count302
\c@savedcitecounter=\count303
\c@uniquelist=\count304
\c@uniquename=\count305
\c@refsection=\count306
\c@refsegment=\count307
\c@maxextratitle=\count308
\c@maxextratitleyear=\count309
\c@maxextraname=\count310
\c@maxextradate=\count311
\c@maxextraalpha=\count312
\c@abbrvpenalty=\count313
\c@highnamepenalty=\count314
\c@lownamepenalty=\count315
\c@maxparens=\count316
\c@parenlevel=\count317
\blx@tempcnta=\count318
\blx@tempcntb=\count319
\blx@tempcntc=\count320
\blx@maxsection=\count321
\blx@maxsegment@0=\count322
\blx@notetype=\count323
\blx@parenlevel@text=\count324
\blx@parenlevel@foot=\count325
\blx@sectionciteorder@0=\count326
\blx@entrysetcounter=\count327
\labelnumberwidth=\skip69
\labelalphawidth=\skip70
\biblabelsep=\skip71
\bibitemsep=\skip72
\bibnamesep=\skip73
\bibinitsep=\skip74
\bibparsep=\skip75
\bibhang=\skip76
\blx@bcfin=\read3
\blx@bcfout=\write3
\blx@langwohyphens=\language86
\c@mincomprange=\count328
\c@maxcomprange=\count329
\c@mincompwidth=\count330
Package biblatex Info: Trying to load biblatex default data model...
Package biblatex Info: ... file 'blx-dm.def' found.

(/usr/local/texlive/2020/texmf-dist/tex/latex/biblatex/blx-dm.def
File: blx-dm.def 2019/12/01 v3.14 biblatex localization (PK/MW)
)
Package biblatex Info: Trying to load biblatex style data model...
Package biblatex Info: ... file 'apa.dbx' found.

(/usr/local/texlive/2020/texmf-dist/tex/latex/biblatex-apa/apa.dbx
File: apa.dbx 2020/02/22 v9.6 APA biblatex style data model
)
Package biblatex Info: Trying to load biblatex custom data model...
Package biblatex Info: ... file 'biblatex-dm.cfg' not found.
\c@afterword=\count331
\c@savedafterword=\count332
\c@annotator=\count333
\c@savedannotator=\count334
\c@author=\count335
\c@savedauthor=\count336
\c@bookauthor=\count337
\c@savedbookauthor=\count338
\c@commentator=\count339
\c@savedcommentator=\count340
\c@editor=\count341
\c@savededitor=\count342
\c@editora=\count343
\c@savededitora=\count344
\c@editorb=\count345
\c@savededitorb=\count346
\c@editorc=\count347
\c@savededitorc=\count348
\c@foreword=\count349
\c@savedforeword=\count350
\c@holder=\count351
\c@savedholder=\count352
\c@introduction=\count353
\c@savedintroduction=\count354
\c@namea=\count355
\c@savednamea=\count356
\c@nameb=\count357
\c@savednameb=\count358
\c@namec=\count359
\c@savednamec=\count360
\c@translator=\count361
\c@savedtranslator=\count362
\c@shortauthor=\count363
\c@savedshortauthor=\count364
\c@shorteditor=\count365
\c@savedshorteditor=\count366
\c@groupauthor=\count367
\c@savedgroupauthor=\count368
\c@narrator=\count369
\c@savednarrator=\count370
\c@execproducer=\count371
\c@savedexecproducer=\count372
\c@execdirector=\count373
\c@savedexecdirector=\count374
\c@with=\count375
\c@savedwith=\count376
\c@labelname=\count377
\c@savedlabelname=\count378
\c@institution=\count379
\c@savedinstitution=\count380
\c@lista=\count381
\c@savedlista=\count382
\c@listb=\count383
\c@savedlistb=\count384
\c@listc=\count385
\c@savedlistc=\count386
\c@listd=\count387
\c@savedlistd=\count388
\c@liste=\count389
\c@savedliste=\count390
\c@listf=\count391
\c@savedlistf=\count392
\c@location=\count393
\c@savedlocation=\count394
\c@organization=\count395
\c@savedorganization=\count396
\c@origlocation=\count397
\c@savedoriglocation=\count398
\c@origpublisher=\count399
\c@savedorigpublisher=\count400
\c@publisher=\count401
\c@savedpublisher=\count402
\c@language=\count403
\c@savedlanguage=\count404
\c@origlanguage=\count405
\c@savedoriglanguage=\count406
\c@citation=\count407
\c@savedcitation=\count408
\c@pageref=\count409
\c@savedpageref=\count410
\shorthandwidth=\skip77
\shortjournalwidth=\skip78
\shortserieswidth=\skip79
\shorttitlewidth=\skip80
\shortauthorwidth=\skip81
\shorteditorwidth=\skip82
\locallabelnumberwidth=\skip83
\locallabelalphawidth=\skip84
\localshorthandwidth=\skip85
\localshortjournalwidth=\skip86
\localshortserieswidth=\skip87
\localshorttitlewidth=\skip88
\localshortauthorwidth=\skip89
\localshorteditorwidth=\skip90
Package biblatex Info: Trying to load enhanced support for Unicode engines...
Package biblatex Info: ... file 'blx-unicode.def' found.

(/usr/local/texlive/2020/texmf-dist/tex/latex/biblatex/blx-unicode.def)
Package biblatex Info: Trying to load compatibility code...
Package biblatex Info: ... file 'blx-compat.def' found.

(/usr/local/texlive/2020/texmf-dist/tex/latex/biblatex/blx-compat.def
File: blx-compat.def 2019/12/01 v3.14 biblatex compatibility (PK/MW)
)
Package biblatex Info: Trying to load generic definitions...
Package biblatex Info: ... file 'biblatex.def' found.

(/usr/local/texlive/2020/texmf-dist/tex/latex/biblatex/biblatex.def
File: biblatex.def 2019/12/01 v3.14 biblatex compatibility (PK/MW)
\c@textcitecount=\count411
\c@textcitetotal=\count412
\c@textcitemaxnames=\count413
\c@biburlbigbreakpenalty=\count414
\c@biburlbreakpenalty=\count415
\c@biburlnumpenalty=\count416
\c@biburlucpenalty=\count417
\c@biburllcpenalty=\count418
\biburlbigskip=\muskip18
\biburlnumskip=\muskip19
\biburlucskip=\muskip20
\biburllcskip=\muskip21
\c@smartand=\count419
)
Package biblatex Info: Trying to load bibliography style 'apa'...
Package biblatex Info: ... file 'apa.bbx' found.

(/usr/local/texlive/2020/texmf-dist/tex/latex/biblatex-apa/apa.bbx
File: apa.bbx 2020/02/22 v9.6 APA biblatex references style
Package biblatex Info: Trying to load bibliography style 'standard'...
Package biblatex Info: ... file 'standard.bbx' found.

(/usr/local/texlive/2020/texmf-dist/tex/latex/biblatex/bbx/standard.bbx
File: standard.bbx 2019/12/01 v3.14 biblatex bibliography style (PK/MW)
\c@bbx:relatedcount=\count420
\c@bbx:relatedtotal=\count421
))
Package biblatex Info: Trying to load citation style 'apa'...
Package biblatex Info: ... file 'apa.cbx' found.

(/usr/local/texlive/2020/texmf-dist/tex/latex/biblatex-apa/apa.cbx
File: apa.cbx 2020/02/22 v9.6 APA biblatex citation style
Package biblatex Info: Delimiter 'nameyeardelim' in context '' already defined,
 overwriting.
Package biblatex Info: Delimiter 'nameyeardelim' in context 'textcite' already 
defined, overwriting.
Package biblatex Info: Delimiter 'andothersdelim' in context '' already defined
, overwriting.
Package biblatex Info: Redefining '\parencite'.
Package biblatex Info: Redefining '\fullcite'.
Package biblatex Info: Redefining '\citeyear'.
Package biblatex Info: Redefining '\cite'.
Package biblatex Info: Redefining '\footcite'.
Package biblatex Info: Redefining '\textcites'.
Package biblatex Info: Redefining '\cites'.
Package biblatex Info: Redefining '\parencites'.
Package biblatex Info: Redefining '\footcites'.
Package biblatex Info: Redefining '\footcitetexts'.
Package biblatex Info: Redefining '\smartcites'.
Package biblatex Info: Redefining '\textcite'.
Package biblatex Info: Redefining '\citeauthor'.
)
Package biblatex Info: Trying to load configuration file...
Package biblatex Info: ... file 'biblatex.cfg' found.

(/usr/local/texlive/2020/texmf-dist/tex/latex/biblatex/biblatex.cfg
File: biblatex.cfg 
)))
(/usr/local/texlive/2020/texmf-dist/tex/latex/microtype/microtype.sty
Package: microtype 2019/11/18 v2.7d Micro-typographical refinements (RS)
\MT@toks=\toks27
\MT@count=\count422
LaTeX Info: Redefining \textls on input line 790.
\MT@outer@kern=\dimen188
LaTeX Info: Redefining \textmicrotypecontext on input line 1354.
\MT@listname@count=\count423

(/usr/local/texlive/2020/texmf-dist/tex/latex/microtype/microtype-xetex.def
File: microtype-xetex.def 2019/11/18 v2.7d Definitions specific to xetex (RS)
LaTeX Info: Redefining \lsstyle on input line 258.
)
Package microtype Info: Loading configuration file microtype.cfg.

(/usr/local/texlive/2020/texmf-dist/tex/latex/microtype/microtype.cfg
File: microtype.cfg 2019/11/18 v2.7d microtype main configuration file (RS)
))
(/usr/local/texlive/2020/texmf-dist/tex/latex/lipsum/lipsum.sty
(/usr/local/texlive/2020/texmf-dist/tex/latex/l3kernel/expl3.sty
Package: expl3 2020-03-06 L3 programming layer (loader) 

(/usr/local/texlive/2020/texmf-dist/tex/latex/l3backend/l3backend-xdvipdfmx.def
File: l3backend-xdvipdfmx.def 2020-03-12 L3 backend support: xdvipdfmx
\g__graphics_track_int=\count424
\l__pdf_internal_box=\box50
\g__pdf_backend_object_int=\count425
\g__pdf_backend_annotation_int=\count426
)) (/usr/local/texlive/2020/texmf-dist/tex/latex/l3packages/xparse/xparse.sty
Package: xparse 2020-03-06 L3 Experimental document command parser
\l__xparse_current_arg_int=\count427
\g__xparse_grabber_int=\count428
\l__xparse_m_args_int=\count429
\l__xparse_v_nesting_int=\count430
)
Package: lipsum 2019/01/02 v2.2 150 paragraphs of Lorem Ipsum dummy text

(/usr/local/texlive/2020/texmf-dist/tex/latex/lipsum/lipsum.ltd.tex
File: lipsum.ltd.tex 2019/01/02 v2.2 The Lorem ipsum dummy text
))
Package csquotes Info: Checking for multilingual support...
Package csquotes Info: ... found 'babel' package.
Package csquotes Info: Adjusting default style.
Package csquotes Info: Redefining alias 'default' -> 'dutch'.

(./naam_voornaam_voorstel.aux)
\openout1 = `naam_voornaam_voorstel.aux'.

LaTeX Font Info:    Checking defaults for OML/cmm/m/it on input line 67.
LaTeX Font Info:    ... okay on input line 67.
LaTeX Font Info:    Checking defaults for OMS/cmsy/m/n on input line 67.
LaTeX Font Info:    ... okay on input line 67.
LaTeX Font Info:    Checking defaults for OT1/cmr/m/n on input line 67.
LaTeX Font Info:    ... okay on input line 67.
LaTeX Font Info:    Checking defaults for T1/cmr/m/n on input line 67.
LaTeX Font Info:    ... okay on input line 67.
LaTeX Font Info:    Checking defaults for TS1/cmr/m/n on input line 67.
LaTeX Font Info:    Trying to load font information for TS1+cmr on input line 6
7.

(/usr/local/texlive/2020/texmf-dist/tex/latex/base/ts1cmr.fd
File: ts1cmr.fd 2019/12/16 v2.5j Standard LaTeX font definitions
)
LaTeX Font Info:    ... okay on input line 67.
LaTeX Font Info:    Checking defaults for TU/lmr/m/n on input line 67.
LaTeX Font Info:    ... okay on input line 67.
LaTeX Font Info:    Checking defaults for OMX/cmex/m/n on input line 67.
LaTeX Font Info:    ... okay on input line 67.
LaTeX Font Info:    Checking defaults for U/cmr/m/n on input line 67.
LaTeX Font Info:    ... okay on input line 67.
LaTeX Font Info:    Checking defaults for PD1/pdf/m/n on input line 67.
LaTeX Font Info:    ... okay on input line 67.
LaTeX Font Info:    Checking defaults for PU/pdf/m/n on input line 67.
LaTeX Font Info:    ... okay on input line 67.
LaTeX Font Info:    Trying to load font information for TU+ptm on input line 67
.
LaTeX Font Info:    No file TUptm.fd. on input line 67.


LaTeX Font Warning: Font shape `TU/ptm/m/n' undefined
(Font)              using `TU/lmr/m/n' instead on input line 67.

\AtBeginShipoutBox=\box51
Package hyperref Info: Link coloring ON on input line 67.
(/usr/local/texlive/2020/texmf-dist/tex/latex/hyperref/nameref.sty
Package: nameref 2019/09/16 v2.46 Cross-referencing by name of section

(/usr/local/texlive/2020/texmf-dist/tex/latex/refcount/refcount.sty
Package: refcount 2019/12/15 v3.6 Data extraction from label references (HO)
)
(/usr/local/texlive/2020/texmf-dist/tex/generic/gettitlestring/gettitlestring.s
ty
Package: gettitlestring 2019/12/15 v1.6 Cleanup title references (HO)
)
\c@section@level=\count431
)
LaTeX Info: Redefining \ref on input line 67.
LaTeX Info: Redefining \pageref on input line 67.
LaTeX Info: Redefining \nameref on input line 67.
 (./naam_voornaam_voorstel.out) (./naam_voornaam_voorstel.out)
\@outlinefile=\write4
\openout4 = `naam_voornaam_voorstel.out'.


*geometry* driver: auto-detecting
*geometry* detected driver: xetex
*geometry* verbose mode - [ preamble ] result:
* driver: xetex
* paper: a4paper
* layout: <same size as paper>
* layoutoffset:(h,v)=(0.0pt,0.0pt)
* modes: 
* h-part:(L,W,R)=(56.9055pt, 483.69687pt, 56.9055pt)
* v-part:(T,H,B)=(64.01869pt, 717.00946pt, 64.01869pt)
* \paperwidth=597.50787pt
* \paperheight=845.04684pt
* \textwidth=483.69687pt
* \textheight=717.00946pt
* \oddsidemargin=-15.36449pt
* \evensidemargin=-15.36449pt
* \topmargin=-44.2513pt
* \headheight=11.0pt
* \headsep=25.0pt
* \topskip=10.0pt
* \footskip=30.0pt
* \marginparwidth=65.0pt
* \marginparsep=11.0pt
* \columnsep=15.6491pt
* \skip\footins=9.0pt plus 4.0pt minus 2.0pt
* \hoffset=0.0pt
* \voffset=0.0pt
* \mag=1000
* \@twocolumnfalse
* \@twosidefalse
* \@mparswitchfalse
* \@reversemarginfalse
* (1in=72.27pt=25.4mm, 1cm=28.453pt)

Package caption Info: Begin \AtBeginDocument code.
Package caption Info: End \AtBeginDocument code.
Package lastpage Info: Please have a look at the pageslts package at
(lastpage)             https://www.ctan.org/pkg/pageslts
(lastpage)             ! on input line 67.
Package biblatex Info: Trying to load language 'dutch' -> 'dutch-apa'...
Package biblatex Info: ... file 'dutch-apa.lbx' found.
(/usr/local/texlive/2020/texmf-dist/tex/latex/biblatex-apa/dutch-apa.lbx
File: dutch-apa.lbx 2020/02/22 v9.6 APA biblatex localisation
Package biblatex Info: Trying to load language 'dutch'...
Package biblatex Info: ... file 'dutch.lbx' found.

(/usr/local/texlive/2020/texmf-dist/tex/latex/biblatex/lbx/dutch.lbx
File: dutch.lbx 2019/12/01 v3.14 biblatex localization (PK/MW)
)
Package biblatex Info: Trying to load language 'dutch'...
Package biblatex Info: ... file 'dutch.lbx' found.

(/usr/local/texlive/2020/texmf-dist/tex/latex/biblatex/lbx/dutch.lbx
File: dutch.lbx 2019/12/01 v3.14 biblatex localization (PK/MW)
))
Package biblatex Info: Trying to load language 'english' -> 'english-apa'...
Package biblatex Info: ... file 'english-apa.lbx' found.

(/usr/local/texlive/2020/texmf-dist/tex/latex/biblatex-apa/english-apa.lbx
File: english-apa.lbx 2020/02/22 v9.6 APA biblatex localisation
Package biblatex Info: Trying to load language 'english'...
Package biblatex Info: ... file 'english.lbx' found.

(/usr/local/texlive/2020/texmf-dist/tex/latex/biblatex/lbx/english.lbx
File: english.lbx 2019/12/01 v3.14 biblatex localization (PK/MW)
)
Package biblatex Info: Trying to load language 'american' -> 'american-apa'...
Package biblatex Info: ... file 'american-apa.lbx' found.

(/usr/local/texlive/2020/texmf-dist/tex/latex/biblatex-apa/american-apa.lbx
File: american-apa.lbx 2020/02/22 v9.6 APA biblatex localisation
Package biblatex Info: Trying to load language 'american'...
Package biblatex Info: ... file 'american.lbx' found.

(/usr/local/texlive/2020/texmf-dist/tex/latex/biblatex/lbx/american.lbx
File: american.lbx 2019/12/01 v3.14 biblatex localization (PK/MW)
Package biblatex Info: Trying to load language 'english'...
Package biblatex Info: ... file 'english.lbx' found.

(/usr/local/texlive/2020/texmf-dist/tex/latex/biblatex/lbx/english.lbx
File: english.lbx 2019/12/01 v3.14 biblatex localization (PK/MW)
))))
Package biblatex Info: XeTeX detected.
(biblatex)             Assuming input encoding 'utf8'.
Package biblatex Info: Automatic encoding selection.
(biblatex)             Assuming data encoding 'utf8'.
\openout3 = `naam_voornaam_voorstel.bcf'.

Package biblatex Info: Trying to load bibliographic data...
Package biblatex Info: ... file 'naam_voornaam_voorstel.bbl' found.

(./naam_voornaam_voorstel.bbl)
Package biblatex Info: Reference section=0 on input line 67.
Package biblatex Info: Reference segment=0 on input line 67.
LaTeX Info: Redefining \microtypecontext on input line 67.
Package microtype Info: Character protrusion enabled (level 2).
Package microtype Info: Using default protrusion set `alltext'.
Package microtype Info: No adjustment of tracking.
Package microtype Info: No adjustment of spacing.
Package microtype Info: No adjustment of kerning.

(/usr/local/texlive/2020/texmf-dist/tex/latex/microtype/mt-ptm.cfg
File: mt-ptm.cfg 2006/04/20 v1.7 microtype config. file: Times (RS)
)
Package microtype Info: Loading generic protrusion settings for font family
(microtype)             `ptm' (encoding: TU).
(microtype)             For optimal results, create family-specific settings.
(microtype)             See the microtype manual for details.
LaTeX Font Info:    Trying to load font information for TU+phv on input line 71
.
LaTeX Font Info:    No file TUphv.fd. on input line 71.


LaTeX Font Warning: Font shape `TU/phv/m/n' undefined
(Font)              using `TU/lmr/m/n' instead on input line 71.


(/usr/local/texlive/2020/texmf-dist/tex/latex/microtype/mt-LatinModernRoman.cfg
File: mt-LatinModernRoman.cfg 2013/03/13 v1.0 microtype config. file: Latin Mod
ern Roman (RS)
)

LaTeX Font Warning: Font shape `TU/phv/b/n' undefined
(Font)              using `TU/phv/m/n' instead on input line 71.

Package microtype Info: Loading generic protrusion settings for font family
(microtype)             `phv' (encoding: TU).
(microtype)             For optimal results, create family-specific settings.
(microtype)             See the microtype manual for details.
LaTeX Font Info:    Trying to load font information for OT1+ztmcm on input line
 71.
(/usr/local/texlive/2020/texmf-dist/tex/latex/psnfss/ot1ztmcm.fd
File: ot1ztmcm.fd 2000/01/03 Fontinst v1.801 font definitions for OT1/ztmcm.
)
Package microtype Info: Loading generic protrusion settings for font family
(microtype)             `ztmcm' (encoding: OT1).
(microtype)             For optimal results, create family-specific settings.
(microtype)             See the microtype manual for details.
LaTeX Font Info:    Trying to load font information for OML+ztmcm on input line
 71.

(/usr/local/texlive/2020/texmf-dist/tex/latex/psnfss/omlztmcm.fd
File: omlztmcm.fd 2000/01/03 Fontinst v1.801 font definitions for OML/ztmcm.
)
LaTeX Font Info:    Trying to load font information for OMS+ztmcm on input line
 71.

(/usr/local/texlive/2020/texmf-dist/tex/latex/psnfss/omsztmcm.fd
File: omsztmcm.fd 2000/01/03 Fontinst v1.801 font definitions for OMS/ztmcm.
)
LaTeX Font Info:    Trying to load font information for OMX+ztmcm on input line
 71.

(/usr/local/texlive/2020/texmf-dist/tex/latex/psnfss/omxztmcm.fd
File: omxztmcm.fd 2000/01/03 Fontinst v1.801 font definitions for OMX/ztmcm.
)
LaTeX Font Info:    Trying to load font information for OT1+ptm on input line 7
1.

(/usr/local/texlive/2020/texmf-dist/tex/latex/psnfss/ot1ptm.fd
File: ot1ptm.fd 2001/06/04 font definitions for OT1/ptm.
)
LaTeX Font Info:    Font shape `OT1/ptm/bx/n' in size <12> not available
(Font)              Font shape `OT1/ptm/b/n' tried instead on input line 71.
LaTeX Font Info:    Font shape `OT1/ptm/bx/n' in size <9> not available
(Font)              Font shape `OT1/ptm/b/n' tried instead on input line 71.
LaTeX Font Info:    Font shape `OT1/ptm/bx/n' in size <7> not available
(Font)              Font shape `OT1/ptm/b/n' tried instead on input line 71.

(/usr/local/texlive/2020/texmf-dist/tex/latex/microtype/mt-msa.cfg
File: mt-msa.cfg 2006/02/04 v1.1 microtype config. file: AMS symbols (a) (RS)
)
(/usr/local/texlive/2020/texmf-dist/tex/latex/microtype/mt-msb.cfg
File: mt-msb.cfg 2005/06/01 v1.0 microtype config. file: AMS symbols (b) (RS)
)
LaTeX Font Info:    Font shape `OT1/ptm/bx/n' in size <10> not available
(Font)              Font shape `OT1/ptm/b/n' tried instead on input line 71.
LaTeX Font Info:    Font shape `OT1/ptm/bx/n' in size <7.4> not available
(Font)              Font shape `OT1/ptm/b/n' tried instead on input line 71.
LaTeX Font Info:    Font shape `OT1/ptm/bx/n' in size <6> not available
(Font)              Font shape `OT1/ptm/b/n' tried instead on input line 71.
LaTeX Font Info:    Font shape `OT1/ptm/bx/n' in size <8> not available
(Font)              Font shape `OT1/ptm/b/n' tried instead on input line 71.
LaTeX Font Info:    Font shape `OT1/ptm/bx/n' in size <5> not available
(Font)              Font shape `OT1/ptm/b/n' tried instead on input line 71.

(./naam_voornaam_voorstel.toc

LaTeX Font Warning: Font shape `TU/ptm/b/n' undefined
(Font)              using `TU/ptm/m/n' instead on input line 4.

)
\tf@toc=\write5
\openout5 = `naam_voornaam_voorstel.toc'.

 (./voorstel-inhoud.tex
Underfull \vbox (badness 10000) has occurred while \output is active []

 [1


]
Overfull \hbox (12.02815pt too wide) in paragraph at lines 17--18
\TU/phv/b/n/10 mene, cross-platform en statische taal met type-inferentie.
 []


Underfull \hbox (badness 10000) in paragraph at lines 22--29

 []


Underfull \hbox (badness 10000) in paragraph at lines 22--29

 []


Overfull \hbox (0.5061pt too wide) in paragraph at lines 47--48
[]\TU/ptm/b/n/10 Updates aan het gekozen cross-platform sys-
 []


Overfull \hbox (9.43613pt too wide) in paragraph at lines 53--55
\TU/ptm/b/n/10 toestellen namelijk Kotlin Multiplatform Mobile (KMM).
 []

File: HOGENT_Logo_Pos_rgb.png Graphic file (type bmp)
<HOGENT_Logo_Pos_rgb.png>

Package Fancyhdr Warning: \footskip is too small (30.0pt): 
Make it at least 34.89824pt.
We now make it that large for the rest of the document.
This may cause the page layout to be inconsistent, however.

[2]
File: kmm.jpg Graphic file (type bmp)
<kmm.jpg>
File: HOGENT_Logo_Pos_rgb.png Graphic file (type bmp)
<HOGENT_Logo_Pos_rgb.png>
 [3]
Overfull \hbox (4.21611pt too wide) in paragraph at lines 85--86
\TU/ptm/b/n/10 bepaalde totaalprijzen indien bedrijven daar-
 []


Underfull \hbox (badness 10000) in paragraph at lines 109--120

 []


Underfull \hbox (badness 10000) in paragraph at lines 109--120

 []


Underfull \hbox (badness 10000) in paragraph at lines 109--120

 []


Underfull \hbox (badness 10000) in paragraph at lines 109--120

 []


Underfull \hbox (badness 10000) in paragraph at lines 124--128

 []


Overfull \hbox (4.21814pt too wide) in paragraph at lines 139--141
\TU/ptm/b/n/10 ven in [][]3[][].Methodologie, kunnen volgende resultaten voor
 []


Overfull \hbox (5.655pt too wide) in paragraph at lines 143--144
[]\TU/ptm/b/n/10 Kotlin Multiplatform Mobile (KMM) zal hier
 []

File: HOGENT_Logo_Pos_rgb.png Graphic file (type bmp)
<HOGENT_Logo_Pos_rgb.png>
[4]
Overfull \hbox (1.5661pt too wide) in paragraph at lines 155--156
\TU/ptm/b/n/10 wacht dat de KMM-applicatie trager zal zijn
 []


Overfull \hbox (1.5361pt too wide) in paragraph at lines 159--160
[]\TU/ptm/b/n/10 Zoals reeds besproken zal ook de complexere
 []


Overfull \hbox (5.0761pt too wide) in paragraph at lines 163--165
\TU/ptm/b/n/10 ïmplementeerde features direct voor alle plat-
 []


Underfull \hbox (badness 10000) in paragraph at lines 163--165

 []

)

LaTeX Font Warning: Font shape `TU/ptm/m/it' undefined
(Font)              using `TU/ptm/m/n' instead on input line 91.


Overfull \hbox (18.00659pt too wide) in paragraph at lines 91--91
\TU/ptm/m/it/10 velopment: Software that Lasts. Computer, 39(10),
 []


Overfull \hbox (2.79443pt too wide) in paragraph at lines 91--91
\TU/ptm/m/it/10 Verkregen 11 februari 2021, van [][]$[][][][][] [] [] [] [][][]
[][][][] []
 []


Overfull \hbox (9.63603pt too wide) in paragraph at lines 91--91
[][]\TU/ptm/m/it/10 Nivanaho, T. (2019, mei 27). Developing a cross-platform
 []


Overfull \hbox (1.2377pt too wide) in paragraph at lines 91--91
\TU/ptm/m/it/10 Technology LUT. [][]$[][][][] [] [] [] [][][][][][] [] [][][] [
] [][] [] [][][][][][] []
 []


Overfull \hbox (11.23827pt too wide) in paragraph at lines 91--91
[][]\TU/ptm/m/it/10 O’Reilly, J. (2021, februari 5). PeopleInSpace (J. O’Reilly
,
 []


Overfull \hbox (28.2611pt too wide) in paragraph at lines 91--91
[][][][][][][][][] [] [][][] [] [][][][][][] [] [][][][] [] [][] [] [][][][][][
] [][] [][][][][][][][][][][][][] [][]
 []

File: HOGENT_Logo_Pos_rgb.png Graphic file (type bmp)
<HOGENT_Logo_Pos_rgb.png>
[5]
Overfull \hbox (10.25444pt too wide) in paragraph at lines 91--91
\TU/ptm/m/it/10 Verkregen 11 februari 2021, van [][]$[][][][][] [] [] [] [][][]
[][][] []
 []


Overfull \hbox (20.8611pt too wide) in paragraph at lines 91--91
[][][] [] [][][][][][][] [] [][][][][][][][][][] [][] [][][][][][][] [][] [] []
[] [][] [][] [][][][][][][][][][][][]$[][] 
 []


AED: lastpage setting LastPage
File: HOGENT_Logo_Pos_rgb.png Graphic file (type bmp)
<HOGENT_Logo_Pos_rgb.png>
[6

]
Package atveryend Info: Empty hook `BeforeClearDocument' on input line 93.
Package atveryend Info: Empty hook `AfterLastShipout' on input line 93.
 (./naam_voornaam_voorstel.aux)
Package atveryend Info: Empty hook `AtVeryEndDocument' on input line 93.
Package atveryend Info: Executing hook `AtEndAfterFileList' on input line 93.
Package rerunfilecheck Info: File `naam_voornaam_voorstel.out' has not changed.

(rerunfilecheck)             Checksum: 64D22ECD524175963B75F91342E554CD;675.


LaTeX Font Warning: Some font shapes were not available, defaults substituted.

Package logreq Info: Writing requests to 'naam_voornaam_voorstel.run.xml'.
\openout1 = `naam_voornaam_voorstel.run.xml'.

 ) 
Here is how much of TeX's memory you used:
 23535 strings out of 479418
 399539 string characters out of 5884585
 1331125 words of memory out of 5000000
 40710 multiletter control sequences out of 15000+600000
 557706 words of font info for 97 fonts, out of 8000000 for 9000
 1348 hyphenation exceptions out of 8191
 55i,12n,85p,2536b,5571s stack positions out of 5000i,500n,10000p,200000b,80000s

Output written on naam_voornaam_voorstel.pdf (6 pages).
